Testing input MFCC svm with validation set 
elements: 5187
elements: 5187
Finishing reading data files
ntv_1:10631, ntv_2 : 74285, len_tv_1 : 5187, len_tv_2 : 5187, nfa_1 : 55142997, nfa_2 : 385316295Finishing dot production of test data
copy CPU memory to GPU memory
copy CPU memory to GPU memory is finished
doing GPU martix multiplication
GPU martix multiplication is finished 
Doing kernel calculation
Kernel calculation finished
Kernel calculation finished
Starting the prediction, svm type: 0
Accuracy = 38.0491% (4045/10631) (classification)
free model_ptr_ptr
free svm_problem
free svm_problem
Free prob.y
Free prob.x
Testing input MFCC svm with test set 
elements: 5187
elements: 5187
Finishing reading data files
ntv_1:3563, ntv_2 : 74285, len_tv_1 : 5187, len_tv_2 : 5187, nfa_1 : 18481281, nfa_2 : 385316295Finishing dot production of test data
copy CPU memory to GPU memory
copy CPU memory to GPU memory is finished
doing GPU martix multiplication
GPU martix multiplication is finished 
Doing kernel calculation
Kernel calculation finished
Kernel calculation finished
Starting the prediction, svm type: 0
Accuracy = 76.0876% (2711/3563) (classification)
free model_ptr_ptr
free svm_problem
free svm_problem
Free prob.y
Free prob.x
Testing input Energy svm with validation set 
elements: 802
elements: 802
Finishing reading data files
ntv_1:10631, ntv_2 : 74285, len_tv_1 : 802, len_tv_2 : 802, nfa_1 : 8526062, nfa_2 : 59576570Finishing dot production of test data
copy CPU memory to GPU memory
copy CPU memory to GPU memory is finished
doing GPU martix multiplication
GPU martix multiplication is finished 
Doing kernel calculation
Kernel calculation finished
Kernel calculation finished
Starting the prediction, svm type: 0
Accuracy = 42.6395% (4533/10631) (classification)
free model_ptr_ptr
free svm_problem
free svm_problem
Free prob.y
Free prob.x
Testing input Energy svm with test set 
elements: 802
elements: 802
Finishing reading data files
ntv_1:3563, ntv_2 : 74285, len_tv_1 : 802, len_tv_2 : 802, nfa_1 : 2857526, nfa_2 : 59576570Finishing dot production of test data
copy CPU memory to GPU memory
copy CPU memory to GPU memory is finished
doing GPU martix multiplication
GPU martix multiplication is finished 
Doing kernel calculation
Kernel calculation finished
Kernel calculation finished
Starting the prediction, svm type: 0
Accuracy = 74.2352% (2645/3563) (classification)
free model_ptr_ptr
free svm_problem
free svm_problem
Free prob.y
Free prob.x
Testing input MFCC_Energy_combined svm with validation set 
elements: 5989
elements: 5989
Finishing reading data files
ntv_1:10631, ntv_2 : 74285, len_tv_1 : 5989, len_tv_2 : 5989, nfa_1 : 63669059, nfa_2 : 444892865Finishing dot production of test data
copy CPU memory to GPU memory
copy CPU memory to GPU memory is finished
doing GPU martix multiplication
GPU martix multiplication is finished 
Doing kernel calculation
Kernel calculation finished
Kernel calculation finished
Starting the prediction, svm type: 0
Accuracy = 46.9758% (4994/10631) (classification)
free model_ptr_ptr
free svm_problem
free svm_problem
Free prob.y
Free prob.x
Testing input MFCC_Energy_combined svm with test set 
elements: 5187
elements: 5187
Finishing reading data files
ntv_1:3563, ntv_2 : 74285, len_tv_1 : 5187, len_tv_2 : 5187, nfa_1 : 18481281, nfa_2 : 385316295Finishing dot production of test data
copy CPU memory to GPU memory
copy CPU memory to GPU memory is finished
doing GPU martix multiplication
GPU martix multiplication is finished 
Doing kernel calculation
Kernel calculation finished
Kernel calculation finished
Starting the prediction, svm type: 0
Accuracy = 76.0876% (2711/3563) (classification)
free model_ptr_ptr
free svm_problem
free svm_problem
Free prob.y
Free prob.x
Testing input Energy svm with validation set 
elements: 802
elements: 802
Finishing reading data files
ntv_1:10631, ntv_2 : 74285, len_tv_1 : 802, len_tv_2 : 802, nfa_1 : 8526062, nfa_2 : 59576570Finishing dot production of test data
copy CPU memory to GPU memory
copy CPU memory to GPU memory is finished
doing GPU martix multiplication
GPU martix multiplication is finished 
Doing kernel calculation
Kernel calculation finished
Kernel calculation finished
Starting the prediction, svm type: 0
Accuracy = 42.6395% (4533/10631) (classification)
free model_ptr_ptr
free svm_problem
free svm_problem
Free prob.y
Free prob.x
Testing input Energy svm with test set 
elements: 802
elements: 802
Finishing reading data files
ntv_1:3563, ntv_2 : 74285, len_tv_1 : 802, len_tv_2 : 802, nfa_1 : 2857526, nfa_2 : 59576570Finishing dot production of test data
copy CPU memory to GPU memory
copy CPU memory to GPU memory is finished
doing GPU martix multiplication
GPU martix multiplication is finished 
Doing kernel calculation
Kernel calculation finished
Kernel calculation finished
Starting the prediction, svm type: 0
Accuracy = 74.2352% (2645/3563) (classification)
free model_ptr_ptr
free svm_problem
free svm_problem
Free prob.y
Free prob.x
Testing input MFCC_Energy_combined svm with validation set 
elements: 5989
elements: 5989
Finishing reading data files
ntv_1:10631, ntv_2 : 74285, len_tv_1 : 5989, len_tv_2 : 5989, nfa_1 : 63669059, nfa_2 : 444892865Finishing dot production of test data
copy CPU memory to GPU memory
copy CPU memory to GPU memory is finished
doing GPU martix multiplication
GPU martix multiplication is finished 
Doing kernel calculation
Kernel calculation finished
Kernel calculation finished
Starting the prediction, svm type: 0
Accuracy = 46.9758% (4994/10631) (classification)
free model_ptr_ptr
free svm_problem
free svm_problem
Free prob.y
Free prob.x
Testing input MFCC_Energy_combined svm with test set 
elements: 5989
elements: 5989
Finishing reading data files
ntv_1:3563, ntv_2 : 74285, len_tv_1 : 5989, len_tv_2 : 5989, nfa_1 : 21338807, nfa_2 : 444892865Finishing dot production of test data
copy CPU memory to GPU memory
copy CPU memory to GPU memory is finished
doing GPU martix multiplication
GPU martix multiplication is finished 
Doing kernel calculation
Kernel calculation finished
Kernel calculation finished
Starting the prediction, svm type: 0
Accuracy = 75.7508% (2699/3563) (classification)
free model_ptr_ptr
free svm_problem
free svm_problem
Free prob.y
Free prob.x
